# JRE version: OpenJDK Runtime Environment Temurin-21.0.12.1+1 (21.0.12.1+1) (build 21.0.12.1+1-LTS)
# Java VM: OpenJDK 64-Bit Server VM Temurin-21.0.12.1+1 (21.0.12.1+1-LTS, mixed mode, sharing, tiered, compressed oops, compressed class ptrs, parallel gc, windows-amd64)
GC Precious Log:
 CardTable entry size: 512
 CPUs: 4 total, 4 available
 Memory: 7886M
 Large Page Support: Disabled
 NUMA Support: Disabled
 Compressed Oops: Enabled (32-bit)
 Alignments: Space 512K, Generation 512K, Heap 2M
 Heap Min Capacity: 100M
 Heap Initial Capacity: 100M
 Heap Max Capacity: 2G
 Pre-touch: Disabled
 Parallel Workers: 4
Heap:
 PSYoungGen      total 20992K, used 13508K [0x00000000d5580000, 0x00000000d7480000, 0x0000000100000000)
  eden space 18432K, 59% used [0x00000000d5580000,0x00000000d6036290,0x00000000d6780000)
  from space 2560K, 99% used [0x00000000d6780000,0x00000000d69fb100,0x00000000d6a00000)
  to   space 6656K, 0% used [0x00000000d6e00000,0x00000000d6e00000,0x00000000d7480000)
 ParOldGen       total 68608K, used 45134K [0x0000000080000000, 0x0000000084300000, 0x00000000d5580000)
  object space 68608K, 65% used [0x0000000080000000,0x0000000082c13a68,0x0000000084300000)
 Metaspace       used 60502K, committed 61952K, reserved 1114112K
  class space    used 6490K, committed 7104K, reserved 1048576K
GC Heap History (20 events):
Event: 11.223 GC heap before
{Heap before GC invocations=27 (full 2):
 PSYoungGen      total 24064K, used 23872K [0x00000000d5580000, 0x00000000d6f00000, 0x0000000100000000)
  eden space 22016K, 100% used [0x00000000d5580000,0x00000000d6b00000,0x00000000d6b00000)
  from space 2048K, 90% used [0x00000000d6d00000,0x00000000d6ed0010,0x00000000d6f00000)
  to   space 2048K, 0% used [0x00000000d6b00000,0x00000000d6b00000,0x00000000d6d00000)
 ParOldGen       total 68608K, used 34166K [0x0000000080000000, 0x0000000084300000, 0x00000000d5580000)
  object space 68608K, 49% used [0x0000000080000000,0x000000008215d810,0x0000000084300000)
 Metaspace       used 49355K, committed 50560K, reserved 1114112K
  class space    used 5431K, committed 5952K, reserved 1048576K
}
Event: 11.231 GC heap after
{Heap after GC invocations=27 (full 2):
 PSYoungGen      total 24064K, used 1752K [0x00000000d5580000, 0x00000000d6f00000, 0x0000000100000000)
  eden space 22016K, 0% used [0x00000000d5580000,0x00000000d5580000,0x00000000d6b00000)
  from space 2048K, 85% used [0x00000000d6b00000,0x00000000d6cb6210,0x00000000d6d00000)
  to   space 2048K, 0% used [0x00000000d6d00000,0x00000000d6d00000,0x00000000d6f00000)
 ParOldGen       total 68608K, used 35990K [0x0000000080000000, 0x0000000084300000, 0x00000000d5580000)
  object space 68608K, 52% used [0x0000000080000000,0x0000000082325820,0x0000000084300000)
 Metaspace       used 49355K, committed 50560K, reserved 1114112K
  class space    used 5431K, committed 5952K, reserved 1048576K
}
Event: 11.719 GC heap before
{Heap before GC invocations=28 (full 2):
 PSYoungGen      total 24064K, used 23742K [0x00000000d5580000, 0x00000000d6f00000, 0x0000000100000000)
  eden space 22016K, 99% used [0x00000000d5580000,0x00000000d6af9828,0x00000000d6b00000)
  from space 2048K, 85% used [0x00000000d6b00000,0x00000000d6cb6210,0x00000000d6d00000)
  to   space 2048K, 0% used [0x00000000d6d00000,0x00000000d6d00000,0x00000000d6f00000)
 ParOldGen       total 68608K, used 35990K [0x0000000080000000, 0x0000000084300000, 0x00000000d5580000)
  object space 68608K, 52% used [0x0000000080000000,0x0000000082325820,0x0000000084300000)
 Metaspace       used 50470K, committed 51648K, reserved 1114112K
  class space    used 5526K, committed 6016K, reserved 1048576K
}
Event: 11.728 GC heap after
{Heap after GC invocations=28 (full 2):
 PSYoungGen      total 20480K, used 2048K [0x00000000d5580000, 0x00000000d7600000, 0x0000000100000000)
  eden space 18432K, 0% used [0x00000000d5580000,0x00000000d5580000,0x00000000d6780000)
  from space 2048K, 100% used [0x00000000d6d00000,0x00000000d6f00000,0x00000000d6f00000)
  to   space 5632K, 0% used [0x00000000d6780000,0x00000000d6780000,0x00000000d6d00000)
 ParOldGen       total 68608K, used 38885K [0x0000000080000000, 0x0000000084300000, 0x00000000d5580000)
  object space 68608K, 56% used [0x0000000080000000,0x00000000825f9610,0x0000000084300000)
 Metaspace       used 50470K, committed 51648K, reserved 1114112K
  class space    used 5526K, committed 6016K, reserved 1048576K
}
Event: 13.187 GC heap before
{Heap before GC invocations=29 (full 2):
 PSYoungGen      total 20480K, used 20433K [0x00000000d5580000, 0x00000000d7600000, 0x0000000100000000)
  eden space 18432K, 99% used [0x00000000d5580000,0x00000000d6774668,0x00000000d6780000)
  from space 2048K, 100% used [0x00000000d6d00000,0x00000000d6f00000,0x00000000d6f00000)
  to   space 5632K, 0% used [0x00000000d6780000,0x00000000d6780000,0x00000000d6d00000)
 ParOldGen       total 68608K, used 38885K [0x0000000080000000, 0x0000000084300000, 0x00000000d5580000)
  object space 68608K, 56% used [0x0000000080000000,0x00000000825f9610,0x0000000084300000)
 Metaspace       used 52224K, committed 53504K, reserved 1114112K
  class space    used 5655K, committed 6208K, reserved 1048576K
}
Event: 13.193 GC heap after
{Heap after GC invocations=29 (full 2):
 PSYoungGen      total 19456K, used 749K [0x00000000d5580000, 0x00000000d6d80000, 0x0000000100000000)
  eden space 18432K, 0% used [0x00000000d5580000,0x00000000d5580000,0x00000000d6780000)
  from space 1024K, 73% used [0x00000000d6780000,0x00000000d683b670,0x00000000d6880000)
  to   space 2560K, 0% used [0x00000000d6b00000,0x00000000d6b00000,0x00000000d6d80000)
 ParOldGen       total 68608K, used 40966K [0x0000000080000000, 0x0000000084300000, 0x00000000d5580000)
  object space 68608K, 59% used [0x0000000080000000,0x0000000082801988,0x0000000084300000)
 Metaspace       used 52224K, committed 53504K, reserved 1114112K
  class space    used 5655K, committed 6208K, reserved 1048576K
}
Event: 13.317 GC heap before
{Heap before GC invocations=30 (full 2):
 PSYoungGen      total 19456K, used 19181K [0x00000000d5580000, 0x00000000d6d80000, 0x0000000100000000)
  eden space 18432K, 100% used [0x00000000d5580000,0x00000000d6780000,0x00000000d6780000)
  from space 1024K, 73% used [0x00000000d6780000,0x00000000d683b670,0x00000000d6880000)
  to   space 2560K, 0% used [0x00000000d6b00000,0x00000000d6b00000,0x00000000d6d80000)
 ParOldGen       total 68608K, used 40966K [0x0000000080000000, 0x0000000084300000, 0x00000000d5580000)
  object space 68608K, 59% used [0x0000000080000000,0x0000000082801988,0x0000000084300000)
 Metaspace       used 52426K, committed 53696K, reserved 1114112K
  class space    used 5669K, committed 6208K, reserved 1048576K
}
Event: 13.319 GC heap after
{Heap after GC invocations=30 (full 2):
 PSYoungGen      total 19968K, used 1432K [0x00000000d5580000, 0x00000000d6c80000, 0x0000000100000000)
  eden space 18432K, 0% used [0x00000000d5580000,0x00000000d5580000,0x00000000d6780000)
  from space 1536K, 93% used [0x00000000d6b00000,0x00000000d6c66358,0x00000000d6c80000)
  to   space 2048K, 0% used [0x00000000d6880000,0x00000000d6880000,0x00000000d6a80000)
 ParOldGen       total 68608K, used 41445K [0x0000000080000000, 0x0000000084300000, 0x00000000d5580000)
  object space 68608K, 60% used [0x0000000080000000,0x00000000828794c0,0x0000000084300000)
 Metaspace       used 52426K, committed 53696K, reserved 1114112K
  class space    used 5669K, committed 6208K, reserved 1048576K
}
Event: 13.381 GC heap before
{Heap before GC invocations=31 (full 2):
 PSYoungGen      total 19968K, used 19864K [0x00000000d5580000, 0x00000000d6c80000, 0x0000000100000000)
  eden space 18432K, 100% used [0x00000000d5580000,0x00000000d6780000,0x00000000d6780000)
  from space 1536K, 93% used [0x00000000d6b00000,0x00000000d6c66358,0x00000000d6c80000)
  to   space 2048K, 0% used [0x00000000d6880000,0x00000000d6880000,0x00000000d6a80000)
 ParOldGen       total 68608K, used 41445K [0x0000000080000000, 0x0000000084300000, 0x00000000d5580000)
  object space 68608K, 60% used [0x0000000080000000,0x00000000828794c0,0x0000000084300000)
 Metaspace       used 52667K, committed 53888K, reserved 1114112K
  class space    used 5678K, committed 6208K, reserved 1048576K
}
Event: 13.382 GC heap after
{Heap after GC invocations=31 (full 2):
 PSYoungGen      total 20480K, used 64K [0x00000000d5580000, 0x00000000d6b80000, 0x0000000100000000)
  eden space 18432K, 0% used [0x00000000d5580000,0x00000000d5580000,0x00000000d6780000)
  from space 2048K, 3% used [0x00000000d6880000,0x00000000d6890000,0x00000000d6a80000)
  to   space 1024K, 0% used [0x00000000d6a80000,0x00000000d6a80000,0x00000000d6b80000)
 ParOldGen       total 68608K, used 41691K [0x0000000080000000, 0x0000000084300000, 0x00000000d5580000)
  object space 68608K, 60% used [0x0000000080000000,0x00000000828b6ff8,0x0000000084300000)
 Metaspace       used 52667K, committed 53888K, reserved 1114112K
  class space    used 5678K, committed 6208K, reserved 1048576K
}
Event: 14.225 GC heap before
{Heap before GC invocations=32 (full 2):
 PSYoungGen      total 20480K, used 18483K [0x00000000d5580000, 0x00000000d6b80000, 0x0000000100000000)
  eden space 18432K, 99% used [0x00000000d5580000,0x00000000d677ce08,0x00000000d6780000)
  from space 2048K, 3% used [0x00000000d6880000,0x00000000d6890000,0x00000000d6a80000)
  to   space 1024K, 0% used [0x00000000d6a80000,0x00000000d6a80000,0x00000000d6b80000)
 ParOldGen       total 68608K, used 41691K [0x0000000080000000, 0x0000000084300000, 0x00000000d5580000)
  object space 68608K, 60% used [0x0000000080000000,0x00000000828b6ff8,0x0000000084300000)
 Metaspace       used 54845K, committed 56128K, reserved 1114112K
  class space    used 5916K, committed 6464K, reserved 1048576K
}
Event: 14.226 GC heap after
{Heap after GC invocations=32 (full 2):
 PSYoungGen      total 19456K, used 648K [0x00000000d5580000, 0x00000000d6b80000, 0x0000000100000000)
  eden space 18432K, 0% used [0x00000000d5580000,0x00000000d5580000,0x00000000d6780000)
  from space 1024K, 63% used [0x00000000d6a80000,0x00000000d6b223d8,0x00000000d6b80000)
  to   space 1024K, 0% used [0x00000000d6980000,0x00000000d6980000,0x00000000d6a80000)
 ParOldGen       total 68608K, used 41715K [0x0000000080000000, 0x0000000084300000, 0x00000000d5580000)
  object space 68608K, 60% used [0x0000000080000000,0x00000000828bcff8,0x0000000084300000)
 Metaspace       used 54845K, committed 56128K, reserved 1114112K
  class space    used 5916K, committed 6464K, reserved 1048576K
}
Event: 14.735 GC heap before
{Heap before GC invocations=33 (full 2):
 PSYoungGen      total 19456K, used 19080K [0x00000000d5580000, 0x00000000d6b80000, 0x0000000100000000)
  eden space 18432K, 100% used [0x00000000d5580000,0x00000000d6780000,0x00000000d6780000)
  from space 1024K, 63% used [0x00000000d6a80000,0x00000000d6b223d8,0x00000000d6b80000)
  to   space 1024K, 0% used [0x00000000d6980000,0x00000000d6980000,0x00000000d6a80000)
 ParOldGen       total 68608K, used 41715K [0x0000000080000000, 0x0000000084300000, 0x00000000d5580000)
  object space 68608K, 60% used [0x0000000080000000,0x00000000828bcff8,0x0000000084300000)
 Metaspace       used 57227K, committed 58496K, reserved 1114112K
  class space    used 6197K, committed 6784K, reserved 1048576K
}
Event: 14.739 GC heap after
{Heap after GC invocations=33 (full 2):
 PSYoungGen      total 19456K, used 1008K [0x00000000d5580000, 0x00000000d6b80000, 0x0000000100000000)
  eden space 18432K, 0% used [0x00000000d5580000,0x00000000d5580000,0x00000000d6780000)
  from space 1024K, 98% used [0x00000000d6980000,0x00000000d6a7c3d8,0x00000000d6a80000)
  to   space 1024K, 0% used [0x00000000d6a80000,0x00000000d6a80000,0x00000000d6b80000)
 ParOldGen       total 68608K, used 42203K [0x0000000080000000, 0x0000000084300000, 0x00000000d5580000)
  object space 68608K, 61% used [0x0000000080000000,0x0000000082936e90,0x0000000084300000)
 Metaspace       used 57227K, committed 58496K, reserved 1114112K
  class space    used 6197K, committed 6784K, reserved 1048576K
}
Event: 15.100 GC heap before
{Heap before GC invocations=34 (full 2):
 PSYoungGen      total 19456K, used 17460K [0x00000000d5580000, 0x00000000d6b80000, 0x0000000100000000)
  eden space 18432K, 89% used [0x00000000d5580000,0x00000000d6590f40,0x00000000d6780000)
  from space 1024K, 98% used [0x00000000d6980000,0x00000000d6a7c3d8,0x00000000d6a80000)
  to   space 1024K, 0% used [0x00000000d6a80000,0x00000000d6a80000,0x00000000d6b80000)
 ParOldGen       total 68608K, used 42203K [0x0000000080000000, 0x0000000084300000, 0x00000000d5580000)
  object space 68608K, 61% used [0x0000000080000000,0x0000000082936e90,0x0000000084300000)
 Metaspace       used 58441K, committed 59776K, reserved 1114112K
  class space    used 6307K, committed 6912K, reserved 1048576K
}
Event: 15.102 GC heap after
{Heap after GC invocations=34 (full 2):
 PSYoungGen      total 19456K, used 1014K [0x00000000d5580000, 0x00000000d6c80000, 0x0000000100000000)
  eden space 18432K, 0% used [0x00000000d5580000,0x00000000d5580000,0x00000000d6780000)
  from space 1024K, 99% used [0x00000000d6a80000,0x00000000d6b7db18,0x00000000d6b80000)
  to   space 2560K, 0% used [0x00000000d6780000,0x00000000d6780000,0x00000000d6a00000)
 ParOldGen       total 68608K, used 43543K [0x0000000080000000, 0x0000000084300000, 0x00000000d5580000)
  object space 68608K, 63% used [0x0000000080000000,0x0000000082a85e08,0x0000000084300000)
 Metaspace       used 58441K, committed 59776K, reserved 1114112K
  class space    used 6307K, committed 6912K, reserved 1048576K
}
Event: 15.102 GC heap before
{Heap before GC invocations=35 (full 3):
 PSYoungGen      total 19456K, used 1014K [0x00000000d5580000, 0x00000000d6c80000, 0x0000000100000000)
  eden space 18432K, 0% used [0x00000000d5580000,0x00000000d5580000,0x00000000d6780000)
  from space 1024K, 99% used [0x00000000d6a80000,0x00000000d6b7db18,0x00000000d6b80000)
  to   space 2560K, 0% used [0x00000000d6780000,0x00000000d6780000,0x00000000d6a00000)
 ParOldGen       total 68608K, used 43543K [0x0000000080000000, 0x0000000084300000, 0x00000000d5580000)
  object space 68608K, 63% used [0x0000000080000000,0x0000000082a85e08,0x0000000084300000)
 Metaspace       used 58441K, committed 59776K, reserved 1114112K
  class space    used 6307K, committed 6912K, reserved 1048576K
}
Event: 15.222 GC heap after
{Heap after GC invocations=35 (full 3):
 PSYoungGen      total 19456K, used 0K [0x00000000d5580000, 0x00000000d6c80000, 0x0000000100000000)
  eden space 18432K, 0% used [0x00000000d5580000,0x00000000d5580000,0x00000000d6780000)
  from space 1024K, 0% used [0x00000000d6a80000,0x00000000d6a80000,0x00000000d6b80000)
  to   space 2560K, 0% used [0x00000000d6780000,0x00000000d6780000,0x00000000d6a00000)
 ParOldGen       total 68608K, used 41741K [0x0000000080000000, 0x0000000084300000, 0x00000000d5580000)
  object space 68608K, 60% used [0x0000000080000000,0x00000000828c35c0,0x0000000084300000)
 Metaspace       used 58439K, committed 59776K, reserved 1114112K
  class space    used 6307K, committed 6912K, reserved 1048576K
}
Event: 15.525 GC heap before
{Heap before GC invocations=36 (full 3):
 PSYoungGen      total 19456K, used 18290K [0x00000000d5580000, 0x00000000d6c80000, 0x0000000100000000)
  eden space 18432K, 99% used [0x00000000d5580000,0x00000000d675c948,0x00000000d6780000)
  from space 1024K, 0% used [0x00000000d6a80000,0x00000000d6a80000,0x00000000d6b80000)
  to   space 2560K, 0% used [0x00000000d6780000,0x00000000d6780000,0x00000000d6a00000)
 ParOldGen       total 68608K, used 41741K [0x0000000080000000, 0x0000000084300000, 0x00000000d5580000)
  object space 68608K, 60% used [0x0000000080000000,0x00000000828c35c0,0x0000000084300000)
 Metaspace       used 60088K, committed 61504K, reserved 1114112K
  class space    used 6448K, committed 7040K, reserved 1048576K
}
Event: 15.537 GC heap after
{Heap after GC invocations=36 (full 3):
 PSYoungGen      total 20992K, used 2540K [0x00000000d5580000, 0x00000000d7480000, 0x0000000100000000)
  eden space 18432K, 0% used [0x00000000d5580000,0x00000000d5580000,0x00000000d6780000)
  from space 2560K, 99% used [0x00000000d6780000,0x00000000d69fb100,0x00000000d6a00000)
  to   space 6656K, 0% used [0x00000000d6e00000,0x00000000d6e00000,0x00000000d7480000)
 ParOldGen       total 68608K, used 45134K [0x0000000080000000, 0x0000000084300000, 0x00000000d5580000)
  object space 68608K, 65% used [0x0000000080000000,0x0000000082c13a68,0x0000000084300000)
 Metaspace       used 60088K, committed 61504K, reserved 1114112K
  class space    used 6448K, committed 7040K, reserved 1048576K
}

