# JRE version: OpenJDK Runtime Environment Temurin-21.0.12.1+1 (21.0.12.1+1) (build 21.0.12.1+1-LTS)
# Java VM: OpenJDK 64-Bit Server VM Temurin-21.0.12.1+1 (21.0.12.1+1-LTS, mixed mode, sharing, tiered, compressed oops, compressed class ptrs, parallel gc, windows-amd64)
GC Precious Log:
 CardTable entry size: 512
 CPUs: 4 total, 4 available
 Memory: 7886M
 Large Page Support: Disabled
 NUMA Support: Disabled
 Compressed Oops: Enabled (32-bit)
 Alignments: Space 512K, Generation 512K, Heap 2M
 Heap Min Capacity: 100M
 Heap Initial Capacity: 100M
 Heap Max Capacity: 2G
 Pre-touch: Disabled
 Parallel Workers: 4
Heap:
 PSYoungGen      total 1536K, used 224K [0x00000000d5580000, 0x00000000d5800000, 0x0000000100000000)
  eden space 1024K, 0% used [0x00000000d5580000,0x00000000d5580020,0x00000000d5680000)
  from space 512K, 43% used [0x00000000d5780000,0x00000000d57b8000,0x00000000d5800000)
  to   space 512K, 0% used [0x00000000d5700000,0x00000000d5700000,0x00000000d5780000)
 ParOldGen       total 397824K, used 397315K [0x0000000080000000, 0x0000000098480000, 0x00000000d5580000)
  object space 397824K, 99% used [0x0000000080000000,0x0000000098400fb0,0x0000000098480000)
 Metaspace       used 67629K, committed 69120K, reserved 1114112K
  class space    used 7265K, committed 7936K, reserved 1048576K
GC Heap History (20 events):
Event: 60.932 GC heap before
{Heap before GC invocations=317 (full 3):
 PSYoungGen      total 2048K, used 1839K [0x00000000d5580000, 0x00000000d5880000, 0x0000000100000000)
  eden space 1024K, 98% used [0x00000000d5580000,0x00000000d567bd68,0x00000000d5680000)
  from space 1024K, 81% used [0x00000000d5680000,0x00000000d5750000,0x00000000d5780000)
  to   space 1024K, 0% used [0x00000000d5780000,0x00000000d5780000,0x00000000d5880000)
 ParOldGen       total 394752K, used 394610K [0x0000000080000000, 0x0000000098180000, 0x00000000d5580000)
  object space 394752K, 99% used [0x0000000080000000,0x000000009815cba0,0x0000000098180000)
 Metaspace       used 67528K, committed 68992K, reserved 1114112K
  class space    used 7250K, committed 7872K, reserved 1048576K
}
Event: 60.934 GC heap after
{Heap after GC invocations=317 (full 3):
 PSYoungGen      total 2048K, used 416K [0x00000000d5580000, 0x00000000d5880000, 0x0000000100000000)
  eden space 1024K, 0% used [0x00000000d5580000,0x00000000d5580000,0x00000000d5680000)
  from space 1024K, 40% used [0x00000000d5780000,0x00000000d57e8000,0x00000000d5880000)
  to   space 1024K, 0% used [0x00000000d5680000,0x00000000d5680000,0x00000000d5780000)
 ParOldGen       total 395776K, used 395410K [0x0000000080000000, 0x0000000098280000, 0x00000000d5580000)
  object space 395776K, 99% used [0x0000000080000000,0x0000000098224ba0,0x0000000098280000)
 Metaspace       used 67528K, committed 68992K, reserved 1114112K
  class space    used 7250K, committed 7872K, reserved 1048576K
}
Event: 61.047 GC heap before
{Heap before GC invocations=318 (full 3):
 PSYoungGen      total 2048K, used 1439K [0x00000000d5580000, 0x00000000d5880000, 0x0000000100000000)
  eden space 1024K, 99% used [0x00000000d5580000,0x00000000d567fff8,0x00000000d5680000)
  from space 1024K, 40% used [0x00000000d5780000,0x00000000d57e8000,0x00000000d5880000)
  to   space 1024K, 0% used [0x00000000d5680000,0x00000000d5680000,0x00000000d5780000)
 ParOldGen       total 395776K, used 395410K [0x0000000080000000, 0x0000000098280000, 0x00000000d5580000)
  object space 395776K, 99% used [0x0000000080000000,0x0000000098224ba0,0x0000000098280000)
 Metaspace       used 67627K, committed 69120K, reserved 1114112K
  class space    used 7265K, committed 7936K, reserved 1048576K
}
Event: 61.049 GC heap after
{Heap after GC invocations=318 (full 3):
 PSYoungGen      total 2048K, used 160K [0x00000000d5580000, 0x00000000d5800000, 0x0000000100000000)
  eden space 1024K, 0% used [0x00000000d5580000,0x00000000d5580000,0x00000000d5680000)
  from space 1024K, 15% used [0x00000000d5680000,0x00000000d56a8000,0x00000000d5780000)
  to   space 512K, 0% used [0x00000000d5780000,0x00000000d5780000,0x00000000d5800000)
 ParOldGen       total 395776K, used 395762K [0x0000000080000000, 0x0000000098280000, 0x00000000d5580000)
  object space 395776K, 99% used [0x0000000080000000,0x000000009827cba0,0x0000000098280000)
 Metaspace       used 67627K, committed 69120K, reserved 1114112K
  class space    used 7265K, committed 7936K, reserved 1048576K
}
Event: 61.083 GC heap before
{Heap before GC invocations=319 (full 3):
 PSYoungGen      total 2048K, used 1184K [0x00000000d5580000, 0x00000000d5800000, 0x0000000100000000)
  eden space 1024K, 100% used [0x00000000d5580000,0x00000000d5680000,0x00000000d5680000)
  from space 1024K, 15% used [0x00000000d5680000,0x00000000d56a8000,0x00000000d5780000)
  to   space 512K, 0% used [0x00000000d5780000,0x00000000d5780000,0x00000000d5800000)
 ParOldGen       total 395776K, used 395762K [0x0000000080000000, 0x0000000098280000, 0x00000000d5580000)
  object space 395776K, 99% used [0x0000000080000000,0x000000009827cba0,0x0000000098280000)
 Metaspace       used 67629K, committed 69120K, reserved 1114112K
  class space    used 7265K, committed 7936K, reserved 1048576K
}
Event: 61.086 GC heap after
{Heap after GC invocations=319 (full 3):
 PSYoungGen      total 1536K, used 256K [0x00000000d5580000, 0x00000000d5800000, 0x0000000100000000)
  eden space 1024K, 0% used [0x00000000d5580000,0x00000000d5580000,0x00000000d5680000)
  from space 512K, 50% used [0x00000000d5780000,0x00000000d57c0000,0x00000000d5800000)
  to   space 512K, 0% used [0x00000000d5700000,0x00000000d5700000,0x00000000d5780000)
 ParOldGen       total 396288K, used 395866K [0x0000000080000000, 0x0000000098300000, 0x00000000d5580000)
  object space 396288K, 99% used [0x0000000080000000,0x0000000098296ba0,0x0000000098300000)
 Metaspace       used 67629K, committed 69120K, reserved 1114112K
  class space    used 7265K, committed 7936K, reserved 1048576K
}
Event: 61.101 GC heap before
{Heap before GC invocations=320 (full 3):
 PSYoungGen      total 1536K, used 1280K [0x00000000d5580000, 0x00000000d5800000, 0x0000000100000000)
  eden space 1024K, 100% used [0x00000000d5580000,0x00000000d5680000,0x00000000d5680000)
  from space 512K, 50% used [0x00000000d5780000,0x00000000d57c0000,0x00000000d5800000)
  to   space 512K, 0% used [0x00000000d5700000,0x00000000d5700000,0x00000000d5780000)
 ParOldGen       total 396288K, used 395866K [0x0000000080000000, 0x0000000098300000, 0x00000000d5580000)
  object space 396288K, 99% used [0x0000000080000000,0x0000000098296ba0,0x0000000098300000)
 Metaspace       used 67629K, committed 69120K, reserved 1114112K
  class space    used 7265K, committed 7936K, reserved 1048576K
}
Event: 61.103 GC heap after
{Heap after GC invocations=320 (full 3):
 PSYoungGen      total 1536K, used 256K [0x00000000d5580000, 0x00000000d5800000, 0x0000000100000000)
  eden space 1024K, 0% used [0x00000000d5580000,0x00000000d5580000,0x00000000d5680000)
  from space 512K, 50% used [0x00000000d5700000,0x00000000d5740000,0x00000000d5780000)
  to   space 512K, 0% used [0x00000000d5780000,0x00000000d5780000,0x00000000d5800000)
 ParOldGen       total 396288K, used 396042K [0x0000000080000000, 0x0000000098300000, 0x00000000d5580000)
  object space 396288K, 99% used [0x0000000080000000,0x00000000982c2ba0,0x0000000098300000)
 Metaspace       used 67629K, committed 69120K, reserved 1114112K
  class space    used 7265K, committed 7936K, reserved 1048576K
}
Event: 61.132 GC heap before
{Heap before GC invocations=321 (full 3):
 PSYoungGen      total 1536K, used 1280K [0x00000000d5580000, 0x00000000d5800000, 0x0000000100000000)
  eden space 1024K, 100% used [0x00000000d5580000,0x00000000d5680000,0x00000000d5680000)
  from space 512K, 50% used [0x00000000d5700000,0x00000000d5740000,0x00000000d5780000)
  to   space 512K, 0% used [0x00000000d5780000,0x00000000d5780000,0x00000000d5800000)
 ParOldGen       total 396288K, used 396042K [0x0000000080000000, 0x0000000098300000, 0x00000000d5580000)
  object space 396288K, 99% used [0x0000000080000000,0x00000000982c2ba0,0x0000000098300000)
 Metaspace       used 67629K, committed 69120K, reserved 1114112K
  class space    used 7265K, committed 7936K, reserved 1048576K
}
Event: 61.134 GC heap after
{Heap after GC invocations=321 (full 3):
 PSYoungGen      total 1536K, used 219K [0x00000000d5580000, 0x00000000d5800000, 0x0000000100000000)
  eden space 1024K, 0% used [0x00000000d5580000,0x00000000d5580000,0x00000000d5680000)
  from space 512K, 42% used [0x00000000d5780000,0x00000000d57b6c08,0x00000000d5800000)
  to   space 512K, 0% used [0x00000000d5700000,0x00000000d5700000,0x00000000d5780000)
 ParOldGen       total 396288K, used 396218K [0x0000000080000000, 0x0000000098300000, 0x00000000d5580000)
  object space 396288K, 99% used [0x0000000080000000,0x00000000982eeba0,0x0000000098300000)
 Metaspace       used 67629K, committed 69120K, reserved 1114112K
  class space    used 7265K, committed 7936K, reserved 1048576K
}
Event: 61.150 GC heap before
{Heap before GC invocations=322 (full 3):
 PSYoungGen      total 1536K, used 1243K [0x00000000d5580000, 0x00000000d5800000, 0x0000000100000000)
  eden space 1024K, 100% used [0x00000000d5580000,0x00000000d5680000,0x00000000d5680000)
  from space 512K, 42% used [0x00000000d5780000,0x00000000d57b6c08,0x00000000d5800000)
  to   space 512K, 0% used [0x00000000d5700000,0x00000000d5700000,0x00000000d5780000)
 ParOldGen       total 396288K, used 396218K [0x0000000080000000, 0x0000000098300000, 0x00000000d5580000)
  object space 396288K, 99% used [0x0000000080000000,0x00000000982eeba0,0x0000000098300000)
 Metaspace       used 67629K, committed 69120K, reserved 1114112K
  class space    used 7265K, committed 7936K, reserved 1048576K
}
Event: 61.151 GC heap after
{Heap after GC invocations=322 (full 3):
 PSYoungGen      total 1536K, used 224K [0x00000000d5580000, 0x00000000d5800000, 0x0000000100000000)
  eden space 1024K, 0% used [0x00000000d5580000,0x00000000d5580000,0x00000000d5680000)
  from space 512K, 43% used [0x00000000d5700000,0x00000000d5738000,0x00000000d5780000)
  to   space 512K, 0% used [0x00000000d5780000,0x00000000d5780000,0x00000000d5800000)
 ParOldGen       total 396800K, used 396405K [0x0000000080000000, 0x0000000098380000, 0x00000000d5580000)
  object space 396800K, 99% used [0x0000000080000000,0x000000009831d7a8,0x0000000098380000)
 Metaspace       used 67629K, committed 69120K, reserved 1114112K
  class space    used 7265K, committed 7936K, reserved 1048576K
}
Event: 61.159 GC heap before
{Heap before GC invocations=323 (full 3):
 PSYoungGen      total 1536K, used 1248K [0x00000000d5580000, 0x00000000d5800000, 0x0000000100000000)
  eden space 1024K, 100% used [0x00000000d5580000,0x00000000d5680000,0x00000000d5680000)
  from space 512K, 43% used [0x00000000d5700000,0x00000000d5738000,0x00000000d5780000)
  to   space 512K, 0% used [0x00000000d5780000,0x00000000d5780000,0x00000000d5800000)
 ParOldGen       total 396800K, used 396405K [0x0000000080000000, 0x0000000098380000, 0x00000000d5580000)
  object space 396800K, 99% used [0x0000000080000000,0x000000009831d7a8,0x0000000098380000)
 Metaspace       used 67629K, committed 69120K, reserved 1114112K
  class space    used 7265K, committed 7936K, reserved 1048576K
}
Event: 61.161 GC heap after
{Heap after GC invocations=323 (full 3):
 PSYoungGen      total 1536K, used 256K [0x00000000d5580000, 0x00000000d5800000, 0x0000000100000000)
  eden space 1024K, 0% used [0x00000000d5580000,0x00000000d5580000,0x00000000d5680000)
  from space 512K, 50% used [0x00000000d5780000,0x00000000d57c0000,0x00000000d5800000)
  to   space 512K, 0% used [0x00000000d5700000,0x00000000d5700000,0x00000000d5780000)
 ParOldGen       total 396800K, used 396589K [0x0000000080000000, 0x0000000098380000, 0x00000000d5580000)
  object space 396800K, 99% used [0x0000000080000000,0x000000009834b7a8,0x0000000098380000)
 Metaspace       used 67629K, committed 69120K, reserved 1114112K
  class space    used 7265K, committed 7936K, reserved 1048576K
}
Event: 61.166 GC heap before
{Heap before GC invocations=324 (full 3):
 PSYoungGen      total 1536K, used 1260K [0x00000000d5580000, 0x00000000d5800000, 0x0000000100000000)
  eden space 1024K, 98% used [0x00000000d5580000,0x00000000d567b080,0x00000000d5680000)
  from space 512K, 50% used [0x00000000d5780000,0x00000000d57c0000,0x00000000d5800000)
  to   space 512K, 0% used [0x00000000d5700000,0x00000000d5700000,0x00000000d5780000)
 ParOldGen       total 396800K, used 396589K [0x0000000080000000, 0x0000000098380000, 0x00000000d5580000)
  object space 396800K, 99% used [0x0000000080000000,0x000000009834b7a8,0x0000000098380000)
 Metaspace       used 67629K, committed 69120K, reserved 1114112K
  class space    used 7265K, committed 7936K, reserved 1048576K
}
Event: 61.168 GC heap after
{Heap after GC invocations=324 (full 3):
 PSYoungGen      total 1536K, used 224K [0x00000000d5580000, 0x00000000d5800000, 0x0000000100000000)
  eden space 1024K, 0% used [0x00000000d5580000,0x00000000d5580000,0x00000000d5680000)
  from space 512K, 43% used [0x00000000d5700000,0x00000000d5738000,0x00000000d5780000)
  to   space 512K, 0% used [0x00000000d5780000,0x00000000d5780000,0x00000000d5800000)
 ParOldGen       total 396800K, used 396757K [0x0000000080000000, 0x0000000098380000, 0x00000000d5580000)
  object space 396800K, 99% used [0x0000000080000000,0x00000000983757a8,0x0000000098380000)
 Metaspace       used 67629K, committed 69120K, reserved 1114112K
  class space    used 7265K, committed 7936K, reserved 1048576K
}
Event: 61.186 GC heap before
{Heap before GC invocations=325 (full 3):
 PSYoungGen      total 1536K, used 1248K [0x00000000d5580000, 0x00000000d5800000, 0x0000000100000000)
  eden space 1024K, 100% used [0x00000000d5580000,0x00000000d5680000,0x00000000d5680000)
  from space 512K, 43% used [0x00000000d5700000,0x00000000d5738000,0x00000000d5780000)
  to   space 512K, 0% used [0x00000000d5780000,0x00000000d5780000,0x00000000d5800000)
 ParOldGen       total 396800K, used 396757K [0x0000000080000000, 0x0000000098380000, 0x00000000d5580000)
  object space 396800K, 99% used [0x0000000080000000,0x00000000983757a8,0x0000000098380000)
 Metaspace       used 67629K, committed 69120K, reserved 1114112K
  class space    used 7265K, committed 7936K, reserved 1048576K
}
Event: 61.189 GC heap after
{Heap after GC invocations=325 (full 3):
 PSYoungGen      total 1536K, used 246K [0x00000000d5580000, 0x00000000d5800000, 0x0000000100000000)
  eden space 1024K, 0% used [0x00000000d5580000,0x00000000d5580000,0x00000000d5680000)
  from space 512K, 48% used [0x00000000d5780000,0x00000000d57bd808,0x00000000d5800000)
  to   space 512K, 0% used [0x00000000d5700000,0x00000000d5700000,0x00000000d5780000)
 ParOldGen       total 397312K, used 396901K [0x0000000080000000, 0x0000000098400000, 0x00000000d5580000)
  object space 397312K, 99% used [0x0000000080000000,0x00000000983997a8,0x0000000098400000)
 Metaspace       used 67629K, committed 69120K, reserved 1114112K
  class space    used 7265K, committed 7936K, reserved 1048576K
}
Event: 61.201 GC heap before
{Heap before GC invocations=326 (full 3):
 PSYoungGen      total 1536K, used 1270K [0x00000000d5580000, 0x00000000d5800000, 0x0000000100000000)
  eden space 1024K, 100% used [0x00000000d5580000,0x00000000d5680000,0x00000000d5680000)
  from space 512K, 48% used [0x00000000d5780000,0x00000000d57bd808,0x00000000d5800000)
  to   space 512K, 0% used [0x00000000d5700000,0x00000000d5700000,0x00000000d5780000)
 ParOldGen       total 397312K, used 396901K [0x0000000080000000, 0x0000000098400000, 0x00000000d5580000)
  object space 397312K, 99% used [0x0000000080000000,0x00000000983997a8,0x0000000098400000)
 Metaspace       used 67629K, committed 69120K, reserved 1114112K
  class space    used 7265K, committed 7936K, reserved 1048576K
}
Event: 61.203 GC heap after
{Heap after GC invocations=326 (full 3):
 PSYoungGen      total 1536K, used 224K [0x00000000d5580000, 0x00000000d5800000, 0x0000000100000000)
  eden space 1024K, 0% used [0x00000000d5580000,0x00000000d5580000,0x00000000d5680000)
  from space 512K, 43% used [0x00000000d5700000,0x00000000d5738000,0x00000000d5780000)
  to   space 512K, 0% used [0x00000000d5780000,0x00000000d5780000,0x00000000d5800000)
 ParOldGen       total 397312K, used 397131K [0x0000000080000000, 0x0000000098400000, 0x00000000d5580000)
  object space 397312K, 99% used [0x0000000080000000,0x00000000983d2fb0,0x0000000098400000)
 Metaspace       used 67629K, committed 69120K, reserved 1114112K
  class space    used 7265K, committed 7936K, reserved 1048576K
}

